生成启动时间为 2012/9/26 10:35:47。
     1>项目“C:\Work\上课\c++\2011_2\exam\3\stack\stack\stack.vcxproj”在节点 2 上(build 个目标)。
     1>InitializeBuildStatus:
         正在创建“Debug\stack.unsuccessfulbuild”，因为已指定“AlwaysCreate”。
       ClCompile:
         所有输出均为最新。
       ManifestResourceCompile:
         所有输出均为最新。
       Link:
         c:\Program Files\Microsoft Visual Studio 10.0\VC\bin\link.exe /ERRORREPORT:PROMPT /OUT:"C:\Work\上课\c++\2011_2\exam\3\stack\Debug\stack.exe" /INCREMENTAL /NOLOGO kernel32.lib user32.lib gdi32.lib winspool.lib comdlg32.lib advapi32.lib shell32.lib ole32.lib oleaut32.lib uuid.lib odbc32.lib odbccp32.lib /MANIFEST /ManifestFile:"Debug\stack.exe.intermediate.manifest" /MANIFESTUAC:"level='asInvoker' uiAccess='false'" /DEBUG /PDB:"C:\Work\上课\c++\2011_2\exam\3\stack\Debug\stack.pdb" /SUBSYSTEM:CONSOLE /TLBID:1 /DYNAMICBASE /NXCOMPAT /IMPLIB:"C:\Work\上课\c++\2011_2\exam\3\stack\Debug\stack.lib" /MACHINE:X86 Debug\stack.exe.embed.manifest.res
         Debug\stack.obj
         Debug\test.obj
       Manifest:
         C:\Program Files\Microsoft SDKs\Windows\v7.0A\bin\mt.exe /nologo /verbose /out:"Debug\stack.exe.embed.manifest" /manifest Debug\stack.exe.intermediate.manifest
         所有输出均为最新。
       LinkEmbedManifest:
         所有输出均为最新。
         stack.vcxproj -> C:\Work\上课\c++\2011_2\exam\3\stack\Debug\stack.exe
       FinalizeBuildStatus:
         正在删除文件“Debug\stack.unsuccessfulbuild”。
         正在对“Debug\stack.lastbuildstate”执行 Touch 任务。
     1>已完成生成项目“C:\Work\上课\c++\2011_2\exam\3\stack\stack\stack.vcxproj”(build 个目标)的操作。

生成成功。

已用时间 00:00:00.84
