C:\WORK\上课\C++\2011_2\EXAM\3\STACK\DEBUG\STACK.EXE
C:\WORK\上课\C++\2011_2\EXAM\3\STACK\DEBUG\STACK.ILK
C:\WORK\上课\C++\2011_2\EXAM\3\STACK\DEBUG\STACK.PDB
C:\Work\上课\c++\2011_2\exam\3\stack\stack\Debug\cl.command.1.tlog
C:\Work\上课\c++\2011_2\exam\3\stack\stack\Debug\CL.read.1.tlog
C:\Work\上课\c++\2011_2\exam\3\stack\stack\Debug\CL.write.1.tlog
C:\Work\上课\c++\2011_2\exam\3\stack\stack\Debug\link.4528.read.1.tlog
C:\Work\上课\c++\2011_2\exam\3\stack\stack\Debug\link.4528.write.1.tlog
C:\Work\上课\c++\2011_2\exam\3\stack\stack\Debug\link.4528-cvtres.read.1.tlog
C:\Work\上课\c++\2011_2\exam\3\stack\stack\Debug\link.4528-cvtres.write.1.tlog
C:\Work\上课\c++\2011_2\exam\3\stack\stack\Debug\link.command.1.tlog
C:\Work\上课\c++\2011_2\exam\3\stack\stack\Debug\link.read.1.tlog
C:\Work\上课\c++\2011_2\exam\3\stack\stack\Debug\link.write.1.tlog
C:\Work\上课\c++\2011_2\exam\3\stack\stack\Debug\link-cvtres.read.1.tlog
C:\Work\上课\c++\2011_2\exam\3\stack\stack\Debug\link-cvtres.write.1.tlog
C:\Work\上课\c++\2011_2\exam\3\stack\stack\Debug\mt.command.1.tlog
C:\Work\上课\c++\2011_2\exam\3\stack\stack\Debug\mt.read.1.tlog
C:\Work\上课\c++\2011_2\exam\3\stack\stack\Debug\mt.write.1.tlog
C:\Work\上课\c++\2011_2\exam\3\stack\stack\Debug\rc.command.1.tlog
C:\Work\上课\c++\2011_2\exam\3\stack\stack\Debug\rc.read.1.tlog
C:\Work\上课\c++\2011_2\exam\3\stack\stack\Debug\rc.write.1.tlog
C:\Work\上课\c++\2011_2\exam\3\stack\stack\Debug\stack.exe.embed.manifest
C:\WORK\上课\C++\2011_2\EXAM\3\STACK\STACK\DEBUG\STACK.EXE.EMBED.MANIFEST.RES
C:\WORK\上课\C++\2011_2\EXAM\3\STACK\STACK\DEBUG\STACK.EXE.INTERMEDIATE.MANIFEST
C:\WORK\上课\C++\2011_2\EXAM\3\STACK\STACK\DEBUG\STACK.OBJ
C:\Work\上课\c++\2011_2\exam\3\stack\stack\Debug\stack_manifest.rc
C:\WORK\上课\C++\2011_2\EXAM\3\STACK\STACK\DEBUG\TEST.OBJ
C:\Work\上课\c++\2011_2\exam\3\stack\stack\Debug\vc100.idb
C:\WORK\上课\C++\2011_2\EXAM\3\STACK\STACK\DEBUG\VC100.PDB
C:\WORK\上课\C++\2011_2\EXAM\3-2\STACK\DEBUG\STACK.EXE
C:\WORK\上课\C++\2011_2\EXAM\3-2\STACK\DEBUG\STACK.ILK
C:\WORK\上课\C++\2011_2\EXAM\3-2\STACK\DEBUG\STACK.PDB
C:\WORK\上课\C++\2011_2\EXAM\3-2\STACK\STACK\DEBUG\STACK.EXE.EMBED.MANIFEST
C:\WORK\上课\C++\2011_2\EXAM\3-2\STACK\STACK\DEBUG\STACK.EXE.EMBED.MANIFEST.RES
C:\WORK\上课\C++\2011_2\EXAM\3-2\STACK\STACK\DEBUG\STACK.EXE.INTERMEDIATE.MANIFEST
C:\WORK\上课\C++\2011_2\EXAM\3-2\STACK\STACK\DEBUG\STACK.OBJ
C:\WORK\上课\C++\2011_2\EXAM\3-2\STACK\STACK\DEBUG\TEST.OBJ
C:\WORK\上课\C++\2011_2\EXAM\3-2\STACK\STACK\DEBUG\VC100.PDB
