生成启动时间为 2011/10/22 10:06:44。
     1>项目“C:\Work\上课\c++\2011_2\exam\5\双向链表\双向链表\双向链表.vcxproj”在节点 2 上(build 个目标)。
     1>InitializeBuildStatus:
         正在创建“Debug\双向链表.unsuccessfulbuild”，因为已指定“AlwaysCreate”。
       ClCompile:
         c:\Program Files\Microsoft Visual Studio 10.0\VC\bin\CL.exe /c /ZI /nologo /W3 /WX- /Od /Oy- /D WIN32 /D _DEBUG /D _CONSOLE /D _UNICODE /D UNICODE /Gm /EHsc /RTC1 /MDd /GS /fp:precise /Zc:wchar_t /Zc:forScope /Fo"Debug\\" /Fd"Debug\vc100.pdb" /Gd /TP /analyze- /errorReport:prompt c1.cpp
         c1.cpp
       ManifestResourceCompile:
         所有输出均为最新。
       Link:
         c:\Program Files\Microsoft Visual Studio 10.0\VC\bin\link.exe /ERRORREPORT:PROMPT /OUT:"C:\Work\上课\c++\2011_2\exam\5\双向链表\Debug\双向链表.exe" /INCREMENTAL /NOLOGO kernel32.lib user32.lib gdi32.lib winspool.lib comdlg32.lib advapi32.lib shell32.lib ole32.lib oleaut32.lib uuid.lib odbc32.lib odbccp32.lib /MANIFEST /ManifestFile:"Debug\双向链表.exe.intermediate.manifest" /MANIFESTUAC:"level='asInvoker' uiAccess='false'" /DEBUG /PDB:"C:\Work\上课\c++\2011_2\exam\5\双向链表\Debug\双向链表.pdb" /SUBSYSTEM:CONSOLE /TLBID:1 /DYNAMICBASE /NXCOMPAT /IMPLIB:"C:\Work\上课\c++\2011_2\exam\5\双向链表\Debug\双向链表.lib" /MACHINE:X86 "Debug\双向链表.exe.embed.manifest.res"
         Debug\c1.obj
       Manifest:
         C:\Program Files\Microsoft SDKs\Windows\v7.0A\bin\mt.exe /nologo /verbose /out:"Debug\双向链表.exe.embed.manifest" /manifest "Debug\双向链表.exe.intermediate.manifest"
         所有输出均为最新。
       LinkEmbedManifest:
         所有输出均为最新。
         双向链表.vcxproj -> C:\Work\上课\c++\2011_2\exam\5\双向链表\Debug\双向链表.exe
       FinalizeBuildStatus:
         正在删除文件“Debug\双向链表.unsuccessfulbuild”。
         正在对“Debug\双向链表.lastbuildstate”执行 Touch 任务。
     1>已完成生成项目“C:\Work\上课\c++\2011_2\exam\5\双向链表\双向链表\双向链表.vcxproj”(build 个目标)的操作。

生成成功。

已用时间 00:00:02.68
