C:\TEMP\IETEMP\INTERNET 临时文件\CONTENT.IE5\6SVEPINF\213[1]
C:\TEMP\IETEMP\INTERNET 临时文件\CONTENT.IE5\INDEX.DAT
C:\TEMP\IETEMP\INTERNET 临时文件\CONTENT.IE5\O9CLJKTM\300[1]
C:\WORK\上课\C++\2011_2\EXAM\6\COMPLEX2\COMPLEX\COMPLEX\DEBUG\C1.OBJ
C:\WORK\上课\C++\2011_2\EXAM\6\COMPLEX2\COMPLEX\COMPLEX\DEBUG\C2.OBJ
C:\Work\上课\c++\2011_2\exam\6\complex2\complex\complex\Debug\cl.command.1.tlog
C:\Work\上课\c++\2011_2\exam\6\complex2\complex\complex\Debug\CL.read.1.tlog
C:\Work\上课\c++\2011_2\exam\6\complex2\complex\complex\Debug\CL.write.1.tlog
C:\WORK\上课\C++\2011_2\EXAM\6\COMPLEX2\COMPLEX\COMPLEX\DEBUG\COMPLEX.EXE.EMBED.MANIFEST
C:\WORK\上课\C++\2011_2\EXAM\6\COMPLEX2\COMPLEX\COMPLEX\DEBUG\COMPLEX.EXE.EMBED.MANIFEST.RES
C:\WORK\上课\C++\2011_2\EXAM\6\COMPLEX2\COMPLEX\COMPLEX\DEBUG\COMPLEX.EXE.INTERMEDIATE.MANIFEST
C:\WORK\上课\C++\2011_2\EXAM\6\COMPLEX2\COMPLEX\COMPLEX\DEBUG\COMPLEX.OBJ
C:\Work\上课\c++\2011_2\exam\6\complex2\complex\complex\Debug\complex_manifest.rc
C:\WORK\上课\C++\2011_2\EXAM\6\COMPLEX2\COMPLEX\COMPLEX\DEBUG\COMPLEX2.OBJ
C:\Work\上课\c++\2011_2\exam\6\complex2\complex\complex\Debug\link.824.read.1.tlog
C:\Work\上课\c++\2011_2\exam\6\complex2\complex\complex\Debug\link.824.write.1.tlog
C:\Work\上课\c++\2011_2\exam\6\complex2\complex\complex\Debug\link.824-cvtres.read.1.tlog
C:\Work\上课\c++\2011_2\exam\6\complex2\complex\complex\Debug\link.824-cvtres.write.1.tlog
C:\Work\上课\c++\2011_2\exam\6\complex2\complex\complex\Debug\link.command.1.tlog
C:\Work\上课\c++\2011_2\exam\6\complex2\complex\complex\Debug\link.read.1.tlog
C:\Work\上课\c++\2011_2\exam\6\complex2\complex\complex\Debug\link.write.1.tlog
C:\Work\上课\c++\2011_2\exam\6\complex2\complex\complex\Debug\link-cvtres.read.1.tlog
C:\Work\上课\c++\2011_2\exam\6\complex2\complex\complex\Debug\link-cvtres.write.1.tlog
C:\WORK\上课\C++\2011_2\EXAM\6\COMPLEX2\COMPLEX\COMPLEX\DEBUG\MAIN.OBJ
C:\Work\上课\c++\2011_2\exam\6\complex2\complex\complex\Debug\mt.command.1.tlog
C:\Work\上课\c++\2011_2\exam\6\complex2\complex\complex\Debug\mt.read.1.tlog
C:\Work\上课\c++\2011_2\exam\6\complex2\complex\complex\Debug\mt.write.1.tlog
C:\Work\上课\c++\2011_2\exam\6\complex2\complex\complex\Debug\rc.command.1.tlog
C:\Work\上课\c++\2011_2\exam\6\complex2\complex\complex\Debug\rc.read.1.tlog
C:\Work\上课\c++\2011_2\exam\6\complex2\complex\complex\Debug\rc.write.1.tlog
C:\Work\上课\c++\2011_2\exam\6\complex2\complex\complex\Debug\vc100.idb
C:\WORK\上课\C++\2011_2\EXAM\6\COMPLEX2\COMPLEX\COMPLEX\DEBUG\VC100.PDB
C:\WORK\上课\C++\2011_2\EXAM\6\COMPLEX2\COMPLEX\DEBUG\COMPLEX.EXE
C:\Work\上课\c++\2011_2\exam\6\complex2\complex\Debug\complex.exe.CodeAnalysisLog.xml
C:\Work\上课\c++\2011_2\exam\6\complex2\complex\Debug\complex.exe.lastcodeanalysissucceeded
C:\WORK\上课\C++\2011_2\EXAM\6\COMPLEX2\COMPLEX\DEBUG\COMPLEX.ILK
C:\WORK\上课\C++\2011_2\EXAM\6\COMPLEX2\COMPLEX\DEBUG\COMPLEX.PDB
