生成启动时间为 2014/10/26 11:01:13。
     1>项目“C:\work\上课\c++\ppt\exam\6\complex1\complex1\complex1.vcxproj”在节点 2 上(build 个目标)。
     1>InitializeBuildStatus:
         正在创建“Debug\complex1.unsuccessfulbuild”，因为已指定“AlwaysCreate”。
       ClCompile:
         C:\Program Files\Microsoft Visual Studio 10.0\VC\bin\CL.exe /c /ZI /nologo /W3 /WX- /Od /Oy- /D WIN32 /D _DEBUG /D _CONSOLE /D _UNICODE /D UNICODE /Gm /EHsc /RTC1 /MDd /GS /fp:precise /Zc:wchar_t /Zc:forScope /Fo"Debug\\" /Fd"Debug\vc100.pdb" /Gd /TP /analyze- /errorReport:prompt Complex.cpp c1.cpp
         Complex.cpp
         正在生成代码...
         正在编译...
         c1.cpp
         正在生成代码...
       ManifestResourceCompile:
         所有输出均为最新。
       Link:
         C:\Program Files\Microsoft Visual Studio 10.0\VC\bin\link.exe /ERRORREPORT:PROMPT /OUT:"C:\work\上课\c++\ppt\exam\6\complex1\Debug\complex1.exe" /INCREMENTAL /NOLOGO kernel32.lib user32.lib gdi32.lib winspool.lib comdlg32.lib advapi32.lib shell32.lib ole32.lib oleaut32.lib uuid.lib odbc32.lib odbccp32.lib /MANIFEST /ManifestFile:"Debug\complex1.exe.intermediate.manifest" /MANIFESTUAC:"level='asInvoker' uiAccess='false'" /DEBUG /PDB:"C:\work\上课\c++\ppt\exam\6\complex1\Debug\complex1.pdb" /SUBSYSTEM:CONSOLE /TLBID:1 /DYNAMICBASE /NXCOMPAT /IMPLIB:"C:\work\上课\c++\ppt\exam\6\complex1\Debug\complex1.lib" /MACHINE:X86 Debug\complex1.exe.embed.manifest.res
         Debug\c1.obj
         Debug\Complex.obj
         Debug\complex2.obj
       Manifest:
         C:\Program Files\Microsoft SDKs\Windows\v7.0A\bin\mt.exe /nologo /verbose /out:"Debug\complex1.exe.embed.manifest" /manifest Debug\complex1.exe.intermediate.manifest
         所有输出均为最新。
       LinkEmbedManifest:
         所有输出均为最新。
         complex1.vcxproj -> C:\work\上课\c++\ppt\exam\6\complex1\Debug\complex1.exe
       FinalizeBuildStatus:
         正在删除文件“Debug\complex1.unsuccessfulbuild”。
         正在对“Debug\complex1.lastbuildstate”执行 Touch 任务。
     1>已完成生成项目“C:\work\上课\c++\ppt\exam\6\complex1\complex1\complex1.vcxproj”(build 个目标)的操作。

生成成功。

已用时间 00:00:03.72
